<?xml version="1.0" encoding="UTF-8"?>
<!-- Generated by org.testng.reporters.JUnitReportReporter -->
<testsuite hostname="Pallavi2803" failures="0" tests="2" name="QSP1.Demo1" time="0.037" errors="0" timestamp="2023-12-12T15:47:36 IST" skipped="0">
  <testcase classname="QSP1.Demo1" name="test2" time="0.014"/>
  <system-out>
    <![CDATA[hello]]>
  </system-out>
  <testcase classname="QSP1.Demo1" name="test1" time="0.023"/>
  <system-out>
    <![CDATA[hello]]>
  </system-out>
</testsuite> <!-- QSP1.Demo1 -->
