<?xml version="1.0" encoding="UTF-8"?>
<!-- Generated by org.testng.reporters.JUnitReportReporter -->
<testsuite hostname="Pallavi2803" failures="0" tests="2" name="QSP1.Priority" time="121.119" errors="0" timestamp="2023-12-12T16:59:17 IST" skipped="0">
  <testcase classname="QSP1.Priority" name="test2" time="64.753"/>
  <system-out>
    <![CDATA[India]]>
  </system-out>
  <testcase classname="QSP1.Priority" name="test1" time="56.366"/>
  <system-out>
    <![CDATA[Hello]]>
  </system-out>
</testsuite> <!-- QSP1.Priority -->
