<?xml version="1.0" encoding="UTF-8"?>
<!-- Generated by org.testng.reporters.JUnitReportReporter -->
<testsuite hostname="Pallavi2803" failures="0" tests="2" name="Functional.Demo1" time="0.046" errors="0" timestamp="2023-12-13T16:16:48 IST" skipped="0">
  <testcase classname="Functional.Demo1" name="test2" time="0.044"/>
  <system-out>
    <![CDATA[hello]]>
  </system-out>
  <testcase classname="Functional.Demo1" name="test1" time="0.002"/>
  <system-out>
    <![CDATA[hello]]>
  </system-out>
</testsuite> <!-- Functional.Demo1 -->
