<?xml version="1.0" encoding="UTF-8"?>
<!-- Generated by org.testng.reporters.JUnitReportReporter -->
<testsuite hostname="Pallavi2803" failures="0" tests="2" name="functional1.Priority" time="241.674" errors="0" timestamp="2023-12-13T16:16:48 IST" skipped="0">
  <testcase classname="functional1.Priority" name="test2" time="145.279"/>
  <system-out>
    <![CDATA[India]]>
  </system-out>
  <testcase classname="functional1.Priority" name="test1" time="96.395"/>
  <system-out>
    <![CDATA[Hello]]>
  </system-out>
</testsuite> <!-- functional1.Priority -->
