<?xml version="1.0" encoding="UTF-8"?>
<!-- Generated by org.testng.reporters.JUnitReportReporter -->
<testsuite hostname="Pallavi2803" failures="0" tests="4" name="functional1.InvocationCount_RunningNnoTimes" time="243.745" errors="0" timestamp="2023-12-13T16:16:48 IST" skipped="0">
  <testcase classname="functional1.InvocationCount_RunningNnoTimes" name="test2" time="63.202"/>
  <system-out>
    <![CDATA[India]]>
  </system-out>
  <testcase classname="functional1.InvocationCount_RunningNnoTimes" name="test1" time="66.708"/>
  <system-out>
    <![CDATA[Hello]]>
  </system-out>
  <testcase classname="functional1.InvocationCount_RunningNnoTimes" name="test1" time="55.387"/>
  <system-out>
    <![CDATA[Hello]]>
  </system-out>
  <testcase classname="functional1.InvocationCount_RunningNnoTimes" name="test1" time="58.448"/>
  <system-out>
    <![CDATA[Hello]]>
  </system-out>
</testsuite> <!-- functional1.InvocationCount_RunningNnoTimes -->
