<?xml version="1.0" encoding="UTF-8"?>
<!-- Generated by org.testng.reporters.JUnitReportReporter -->
<testsuite hostname="Pallavi2803" failures="0" tests="1" name="TestNGScript.TestCase1" time="30.455" errors="0" timestamp="2023-12-13T17:29:09 IST" skipped="0">
  <testcase classname="TestNGScript.TestCase1" name="login" time="30.455"/>
  <system-out/>
</testsuite> <!-- TestNGScript.TestCase1 -->
