<?xml version="1.0" encoding="UTF-8"?>
<!-- Generated by org.testng.reporters.JUnitReportReporter -->
<testsuite hostname="Pallavi2803" failures="0" tests="2" name="TestNGScript.TestCase2" time="63.243" errors="0" timestamp="2023-12-13T17:29:09 IST" skipped="0">
  <testcase classname="TestNGScript.TestCase2" name="login1" time="32.520"/>
  <system-out/>
  <testcase classname="TestNGScript.TestCase2" name="signin" time="30.723"/>
  <system-out/>
</testsuite> <!-- TestNGScript.TestCase2 -->
