<?xml version="1.0" encoding="UTF-8"?>
<!-- Generated by org.testng.reporters.JUnitReportReporter -->
<testsuite hostname="Pallavi2803" failures="0" tests="1" name="QSP1.Demo2" time="0.028" errors="0" timestamp="2023-12-12T15:47:36 IST" skipped="0">
  <testcase classname="QSP1.Demo2" name="test3" time="0.028"/>
  <system-out>
    <![CDATA[India]]>
  </system-out>
</testsuite> <!-- QSP1.Demo2 -->
