<?xml version="1.0" encoding="UTF-8"?>
<!-- Generated by org.testng.reporters.JUnitReportReporter -->
<testsuite hostname="Pallavi2803" failures="0" tests="2" name="QSP1.SkipTestCase_Enabled" time="26.289" errors="0" timestamp="2023-12-12T17:07:14 IST" skipped="1">
  <testcase classname="QSP1.SkipTestCase_Enabled" name="test2" time="26.289"/>
  <system-out>
    <![CDATA[India]]>
  </system-out>
  <testcase classname="QSP1.SkipTestCase_Enabled" name="test1">
    <skipped/>
  </testcase> <!-- test1 -->
  <system-out/>
</testsuite> <!-- QSP1.SkipTestCase_Enabled -->
