<?xml version="1.0" encoding="UTF-8"?>
<!-- Generated by org.testng.reporters.JUnitReportReporter -->
<testsuite hostname="Pallavi2803" failures="0" tests="4" name="QSP1.InvocationCount_RunningNnoTimes" time="204.091" errors="0" timestamp="2023-12-12T17:04:26 IST" skipped="0">
  <testcase classname="QSP1.InvocationCount_RunningNnoTimes" name="test2" time="27.102"/>
  <system-out>
    <![CDATA[India]]>
  </system-out>
  <testcase classname="QSP1.InvocationCount_RunningNnoTimes" name="test1" time="82.147"/>
  <system-out>
    <![CDATA[Hello]]>
  </system-out>
  <testcase classname="QSP1.InvocationCount_RunningNnoTimes" name="test1" time="68.697"/>
  <system-out>
    <![CDATA[Hello]]>
  </system-out>
  <testcase classname="QSP1.InvocationCount_RunningNnoTimes" name="test1" time="26.145"/>
  <system-out>
    <![CDATA[Hello]]>
  </system-out>
</testsuite> <!-- QSP1.InvocationCount_RunningNnoTimes -->
