<?xml version="1.0" encoding="UTF-8"?>
<!-- Generated by org.testng.reporters.JUnitReportReporter -->
<testsuite hostname="Pallavi2803" failures="0" tests="1" name="Functional.Demo2" time="0.004" errors="0" timestamp="2023-12-13T16:16:48 IST" skipped="0">
  <testcase classname="Functional.Demo2" name="test3" time="0.004"/>
  <system-out>
    <![CDATA[India]]>
  </system-out>
</testsuite> <!-- Functional.Demo2 -->
