<?xml version="1.0" encoding="UTF-8"?>
<!-- Generated by org.testng.reporters.JUnitReportReporter -->
<testsuite hostname="Pallavi2803" failures="0" tests="2" name="Basic_testng.Script1" time="207.732" errors="0" timestamp="2023-12-12T16:05:01 IST" skipped="0">
  <testcase classname="Basic_testng.Script1" name="right" time="118.512"/>
  <system-out/>
  <testcase classname="Basic_testng.Script1" name="rightclick" time="89.220"/>
  <system-out/>
</testsuite> <!-- Basic_testng.Script1 -->
